20240922	02:28:35	93e02d3b-5baa-4daf-897c-3a7b537906f0	Too Many Requests: Too many login attempts from this IP, please try again after a 60 second pause	POST	/login	undefined
20240929	23:50:03	abd3407d-5998-4336-acfd-0854a511962f	Too Many Requests: Too many login attempts from this IP, please try again after a 60 second pause	POST	/login	http://localhost:3000
20240929	23:50:38	64935248-67f3-48f2-8c9b-1a512ee22ffb	Too Many Requests: Too many login attempts from this IP, please try again after a 60 second pause	POST	/login	http://localhost:3000
20240929	23:50:44	5bc6d3a7-91d9-41dd-9d10-c007edb20e4b	Too Many Requests: Too many login attempts from this IP, please try again after a 60 second pause	POST	/login	http://localhost:3000
20240929	23:50:44	627f9807-baec-4c84-8d0d-09fb0495dc86	Too Many Requests: Too many login attempts from this IP, please try again after a 60 second pause	POST	/login	http://localhost:3000
20240929	23:50:45	2e99e669-61d5-436c-aa60-9207e7b3ec71	Too Many Requests: Too many login attempts from this IP, please try again after a 60 second pause	POST	/login	http://localhost:3000
20240929	23:50:45	70609cde-19c2-4b00-af44-412eeaa9a486	Too Many Requests: Too many login attempts from this IP, please try again after a 60 second pause	POST	/login	http://localhost:3000
20240929	23:50:45	e4a6f008-a60b-4aa0-a46f-434f3a8e3641	Too Many Requests: Too many login attempts from this IP, please try again after a 60 second pause	POST	/login	http://localhost:3000
20240929	23:50:45	843d5f8b-6b1f-4c0a-8ef8-f0e20eef0b81	Too Many Requests: Too many login attempts from this IP, please try again after a 60 second pause	POST	/login	http://localhost:3000
20240929	23:50:46	7f49e4c0-ab42-4b07-ae58-5605ecef61c7	Too Many Requests: Too many login attempts from this IP, please try again after a 60 second pause	POST	/login	http://localhost:3000
20240929	23:50:46	b5e01dfb-4704-401b-83ef-1429fae58a31	Too Many Requests: Too many login attempts from this IP, please try again after a 60 second pause	POST	/login	http://localhost:3000
20240929	23:50:46	7363e448-6dca-4bf7-8215-a103c48626e2	Too Many Requests: Too many login attempts from this IP, please try again after a 60 second pause	POST	/login	http://localhost:3000
20240929	23:50:46	c9bc7b91-82ad-4b38-8200-7439ca23d22e	Too Many Requests: Too many login attempts from this IP, please try again after a 60 second pause	POST	/login	http://localhost:3000
20240929	23:50:52	8b48feb4-a0f9-438f-9f94-f8eeed7dfe92	Too Many Requests: Too many login attempts from this IP, please try again after a 60 second pause	POST	/login	http://localhost:3000
20240929	23:51:08	72ce521d-a7ad-48de-8139-b8672540cbb7	Too Many Requests: Too many login attempts from this IP, please try again after a 60 second pause	POST	/login	http://localhost:3000
20240929	23:51:14	5f312806-b968-46c1-a12c-f0bb60968f15	Too Many Requests: Too many login attempts from this IP, please try again after a 60 second pause	POST	/login	http://localhost:3000
20240929	23:51:15	10ff995f-2cc3-4ef9-a46d-430d6d5ef6ad	Too Many Requests: Too many login attempts from this IP, please try again after a 60 second pause	POST	/login	http://localhost:3000
20240929	23:51:16	c5e6ebf6-cef2-420e-9be6-8067788efd49	Too Many Requests: Too many login attempts from this IP, please try again after a 60 second pause	POST	/login	http://localhost:3000
20240929	23:51:20	e3e852bb-b818-4e6b-af68-ce3a9e99756b	Too Many Requests: Too many login attempts from this IP, please try again after a 60 second pause	POST	/login	http://localhost:3000
20240929	23:51:22	2528c21f-1b85-476b-9c4a-d0d822b6be66	Too Many Requests: Too many login attempts from this IP, please try again after a 60 second pause	POST	/login	http://localhost:3000
20240929	23:53:34	539d99e5-f0aa-4a03-aa7d-7fcc17c79de3	Too Many Requests: Too many login attempts from this IP, please try again after a 60 second pause	POST	/login	http://localhost:3000
20240929	23:53:34	6fdf73d1-3ebc-43bc-8681-55479bbfe880	Too Many Requests: Too many login attempts from this IP, please try again after a 60 second pause	POST	/login	http://localhost:3000
20240929	23:53:47	db93a5be-4b38-4e8c-bec3-d34b49043f66	Too Many Requests: Too many login attempts from this IP, please try again after a 60 second pause	POST	/login	http://localhost:3000
20240930	00:15:08	8b45269b-0f37-4e95-9a00-e679d98a70c0	Too Many Requests: Too many login attempts from this IP, please try again after a 60 second pause	POST	/login	http://localhost:3000
20240930	00:15:09	776e45d3-c118-49c7-a1b6-332eef1d56d8	Too Many Requests: Too many login attempts from this IP, please try again after a 60 second pause	POST	/login	http://localhost:3000
20240930	00:25:46	106b3164-7a51-4cea-bc80-bf56a61f9acd	Too Many Requests: Too many login attempts from this IP, please try again after a 60 second pause	POST	/login	http://localhost:3000
20240930	00:26:12	bf9c09e0-0e2b-40dc-8eb6-6180e4ed709f	Too Many Requests: Too many login attempts from this IP, please try again after a 60 second pause	POST	/login	http://localhost:3000
20240930	00:26:13	489441eb-c488-4b7d-b012-042c7b3e45f2	Too Many Requests: Too many login attempts from this IP, please try again after a 60 second pause	POST	/login	http://localhost:3000
20240930	00:26:14	e39a55a8-6cf0-41fa-8b11-6799f5342995	Too Many Requests: Too many login attempts from this IP, please try again after a 60 second pause	POST	/login	http://localhost:3000
20240930	00:26:14	90ec6966-22de-4e0b-a82a-cd2eac66b61c	Too Many Requests: Too many login attempts from this IP, please try again after a 60 second pause	POST	/login	http://localhost:3000
20240930	00:26:14	6352ab00-d628-4b1e-9b43-d618b7724061	Too Many Requests: Too many login attempts from this IP, please try again after a 60 second pause	POST	/login	http://localhost:3000
20240930	00:26:15	3ab75739-3d44-499a-8b95-364142db91fc	Too Many Requests: Too many login attempts from this IP, please try again after a 60 second pause	POST	/login	http://localhost:3000
20240930	00:26:15	209cd61d-fffe-4dab-a316-091f0a491eda	Too Many Requests: Too many login attempts from this IP, please try again after a 60 second pause	POST	/login	http://localhost:3000
20240930	00:26:16	778a2a64-4856-4ef2-a278-9112808fb3e5	Too Many Requests: Too many login attempts from this IP, please try again after a 60 second pause	POST	/login	http://localhost:3000
20241003	23:20:40	2c1a4d6b-321b-40a4-b3e6-e7fec079f99a	Too Many Requests: Too many requests from this IP, please try again after a 1 min pause.	POST	/login	http://localhost:3000
20241003	23:21:10	bd8dcc5f-7cfd-4e03-bb13-0842606e08b1	Too Many Requests: Too many requests from this IP, please try again after a 1 min pause.	POST	/signup	http://localhost:3000
20241008	01:45:11	bf095754-7131-4cfe-8689-660001ec1a9a	Too Many Requests: Too many requests from this IP, please try again after a 1 min pause.	POST	/login	http://localhost:3000
